<?xml version="1.0" encoding="UTF-8"?>
<testsuite xmlns:xsi="http://www.w3.org/2001/XMLSchema-instance" xsi:noNamespaceSchemaLocation="https://maven.apache.org/surefire/maven-surefire-plugin/xsd/surefire-test-report.xsd" name="SwitchSectionsOnManePageTest" time="1.814" tests="3" errors="0" skipped="0" failures="0">
  <properties>
[...]
</properties>
  <testcase name="selectSaucesSection" classname="SwitchSectionsOnManePageTest" time="0.603"/>
  <testcase name="selectFillingsSection" classname="SwitchSectionsOnManePageTest" time="0.573"/>
  <testcase name="selectBunsSection" classname="SwitchSectionsOnManePageTest" time="0.636"/>
</testsuite>